<?xml version="1.0" encoding="UTF-8"?>
<!-- Generated by org.testng.reporters.JUnitReportReporter -->
<testsuite skipped="0" hostname="LAPTOP-45O2GBR7" name="IT.ITsample" tests="1" failures="0" timestamp="05 Mar 2017 07:10:17 GMT" time="0.015" errors="0">
  <testcase name="method" time="0.015" classname="IT.ITsample"/>
</testsuite> <!-- IT.ITsample -->
