<?xml version="1.0" encoding="UTF-8"?>
<!-- Generated by org.testng.reporters.JUnitReportReporter -->
<testsuite skipped="0" hostname="LAPTOP-45O2GBR7" name="Unit.Testsample3" tests="1" failures="0" timestamp="05 Mar 2017 03:33:43 GMT" time="0.004" errors="0">
  <testcase name="method" time="0.004" classname="Unit.Testsample3"/>
</testsuite> <!-- Unit.Testsample3 -->
