<?xml version="1.0" encoding="UTF-8"?>
<!-- Generated by org.testng.reporters.JUnitReportReporter -->
<testsuite skipped="0" hostname="LAPTOP-45O2GBR7" name="Unit.Testsample" tests="1" failures="0" timestamp="05 Mar 2017 04:09:46 GMT" time="0.016" errors="0">
  <testcase name="method" time="0.016" classname="Unit.Testsample"/>
</testsuite> <!-- Unit.Testsample -->
